# JRE version: OpenJDK Runtime Environment (21.0.5) (build 21.0.5+-12932927-b750.29)
# Java VM: OpenJDK 64-Bit Server VM (21.0.5+-12932927-b750.29, mixed mode, tiered, compressed oops, compressed class ptrs, g1 gc, windows-amd64)
GC Precious Log:
 CardTable entry size: 512
 Card Set container configuration: InlinePtr #cards 5 size 8 Array Of Cards #cards 12 size 40 Howl #buckets 4 coarsen threshold 1843 Howl Bitmap #cards 512 size 80 coarsen threshold 460 Card regions per heap region 1 cards per card region 2048
 CPUs: 12 total, 12 available
 Memory: 7829M
 Large Page Support: Disabled
 NUMA Support: Disabled
 Compressed Oops: Enabled (32-bit)
 Heap Region Size: 1M
 Heap Min Capacity: 8M
 Heap Initial Capacity: 124M
 Heap Max Capacity: 1958M
 Pre-touch: Disabled
 Parallel Workers: 10
 Concurrent Workers: 3
 Concurrent Refinement Workers: 10
 Periodic GC: Disabled
Heap:
 garbage-first heap   total 132096K, used 78848K [0x0000000085a00000, 0x0000000100000000)
  region size 1024K, 4 young (4096K), 4 survivors (4096K)
 Metaspace       used 63111K, committed 63488K, reserved 1114112K
  class space    used 6932K, committed 7104K, reserved 1048576K
GC Heap History (20 events):
Event: 1.612 GC heap after
{Heap after GC invocations=11 (full 0):
 garbage-first heap   total 47104K, used 18420K [0x0000000085a00000, 0x0000000100000000)
  region size 1024K, 2 young (2048K), 2 survivors (2048K)
 Metaspace       used 41116K, committed 41408K, reserved 1114112K
  class space    used 4824K, committed 4928K, reserved 1048576K
}
Event: 1.820 GC heap before
{Heap before GC invocations=11 (full 0):
 garbage-first heap   total 47104K, used 39924K [0x0000000085a00000, 0x0000000100000000)
  region size 1024K, 23 young (23552K), 2 survivors (2048K)
 Metaspace       used 44901K, committed 45184K, reserved 1114112K
  class space    used 5221K, committed 5376K, reserved 1048576K
}
Event: 1.827 GC heap after
{Heap after GC invocations=12 (full 0):
 garbage-first heap   total 47104K, used 20480K [0x0000000085a00000, 0x0000000100000000)
  region size 1024K, 3 young (3072K), 3 survivors (3072K)
 Metaspace       used 44901K, committed 45184K, reserved 1114112K
  class space    used 5221K, committed 5376K, reserved 1048576K
}
Event: 1.972 GC heap before
{Heap before GC invocations=12 (full 0):
 garbage-first heap   total 47104K, used 39936K [0x0000000085a00000, 0x0000000100000000)
  region size 1024K, 22 young (22528K), 3 survivors (3072K)
 Metaspace       used 45888K, committed 46208K, reserved 1114112K
  class space    used 5285K, committed 5440K, reserved 1048576K
}
Event: 1.980 GC heap after
{Heap after GC invocations=13 (full 0):
 garbage-first heap   total 66560K, used 26205K [0x0000000085a00000, 0x0000000100000000)
  region size 1024K, 3 young (3072K), 3 survivors (3072K)
 Metaspace       used 45888K, committed 46208K, reserved 1114112K
  class space    used 5285K, committed 5440K, reserved 1048576K
}
Event: 2.018 GC heap before
{Heap before GC invocations=13 (full 0):
 garbage-first heap   total 66560K, used 51805K [0x0000000085a00000, 0x0000000100000000)
  region size 1024K, 28 young (28672K), 3 survivors (3072K)
 Metaspace       used 45986K, committed 46272K, reserved 1114112K
  class space    used 5286K, committed 5440K, reserved 1048576K
}
Event: 2.027 GC heap after
{Heap after GC invocations=14 (full 0):
 garbage-first heap   total 66560K, used 36864K [0x0000000085a00000, 0x0000000100000000)
  region size 1024K, 4 young (4096K), 4 survivors (4096K)
 Metaspace       used 45986K, committed 46272K, reserved 1114112K
  class space    used 5286K, committed 5440K, reserved 1048576K
}
Event: 2.211 GC heap before
{Heap before GC invocations=14 (full 0):
 garbage-first heap   total 66560K, used 53248K [0x0000000085a00000, 0x0000000100000000)
  region size 1024K, 21 young (21504K), 4 survivors (4096K)
 Metaspace       used 49042K, committed 49344K, reserved 1114112K
  class space    used 5641K, committed 5760K, reserved 1048576K
}
Event: 2.216 GC heap after
{Heap after GC invocations=15 (full 0):
 garbage-first heap   total 66560K, used 40173K [0x0000000085a00000, 0x0000000100000000)
  region size 1024K, 3 young (3072K), 3 survivors (3072K)
 Metaspace       used 49042K, committed 49344K, reserved 1114112K
  class space    used 5641K, committed 5760K, reserved 1048576K
}
Event: 2.314 GC heap before
{Heap before GC invocations=16 (full 0):
 garbage-first heap   total 68608K, used 55533K [0x0000000085a00000, 0x0000000100000000)
  region size 1024K, 18 young (18432K), 3 survivors (3072K)
 Metaspace       used 49384K, committed 49664K, reserved 1114112K
  class space    used 5689K, committed 5824K, reserved 1048576K
}
Event: 2.319 GC heap after
{Heap after GC invocations=17 (full 0):
 garbage-first heap   total 68608K, used 45056K [0x0000000085a00000, 0x0000000100000000)
  region size 1024K, 3 young (3072K), 3 survivors (3072K)
 Metaspace       used 49384K, committed 49664K, reserved 1114112K
  class space    used 5689K, committed 5824K, reserved 1048576K
}
Event: 2.401 GC heap before
{Heap before GC invocations=17 (full 0):
 garbage-first heap   total 68608K, used 58368K [0x0000000085a00000, 0x0000000100000000)
  region size 1024K, 16 young (16384K), 3 survivors (3072K)
 Metaspace       used 49807K, committed 50048K, reserved 1114112K
  class space    used 5726K, committed 5824K, reserved 1048576K
}
Event: 2.406 GC heap after
{Heap after GC invocations=18 (full 0):
 garbage-first heap   total 132096K, used 47531K [0x0000000085a00000, 0x0000000100000000)
  region size 1024K, 2 young (2048K), 2 survivors (2048K)
 Metaspace       used 49807K, committed 50048K, reserved 1114112K
  class space    used 5726K, committed 5824K, reserved 1048576K
}
Event: 2.785 GC heap before
{Heap before GC invocations=18 (full 0):
 garbage-first heap   total 132096K, used 94635K [0x0000000085a00000, 0x0000000100000000)
  region size 1024K, 48 young (49152K), 2 survivors (2048K)
 Metaspace       used 52002K, committed 52288K, reserved 1114112K
  class space    used 5940K, committed 6080K, reserved 1048576K
}
Event: 2.794 GC heap after
{Heap after GC invocations=19 (full 0):
 garbage-first heap   total 132096K, used 57605K [0x0000000085a00000, 0x0000000100000000)
  region size 1024K, 6 young (6144K), 6 survivors (6144K)
 Metaspace       used 52002K, committed 52288K, reserved 1114112K
  class space    used 5940K, committed 6080K, reserved 1048576K
}
Event: 3.217 GC heap before
{Heap before GC invocations=19 (full 0):
 garbage-first heap   total 132096K, used 97541K [0x0000000085a00000, 0x0000000100000000)
  region size 1024K, 46 young (47104K), 6 survivors (6144K)
 Metaspace       used 55896K, committed 56192K, reserved 1114112K
  class space    used 6285K, committed 6400K, reserved 1048576K
}
Event: 3.226 GC heap after
{Heap after GC invocations=20 (full 0):
 garbage-first heap   total 132096K, used 64330K [0x0000000085a00000, 0x0000000100000000)
  region size 1024K, 6 young (6144K), 6 survivors (6144K)
 Metaspace       used 55896K, committed 56192K, reserved 1114112K
  class space    used 6285K, committed 6400K, reserved 1048576K
}
Event: 3.473 GC heap before
{Heap before GC invocations=20 (full 0):
 garbage-first heap   total 132096K, used 104266K [0x0000000085a00000, 0x0000000100000000)
  region size 1024K, 45 young (46080K), 6 survivors (6144K)
 Metaspace       used 56467K, committed 56832K, reserved 1114112K
  class space    used 6324K, committed 6464K, reserved 1048576K
}
Event: 3.485 GC heap after
{Heap after GC invocations=21 (full 0):
 garbage-first heap   total 132096K, used 74240K [0x0000000085a00000, 0x0000000100000000)
  region size 1024K, 6 young (6144K), 6 survivors (6144K)
 Metaspace       used 56467K, committed 56832K, reserved 1114112K
  class space    used 6324K, committed 6464K, reserved 1048576K
}
Event: 3.817 GC heap before
{Heap before GC invocations=21 (full 0):
 garbage-first heap   total 132096K, used 109056K [0x0000000085a00000, 0x0000000100000000)
  region size 1024K, 40 young (40960K), 6 survivors (6144K)
 Metaspace       used 63111K, committed 63488K, reserved 1114112K
  class space    used 6932K, committed 7104K, reserved 1048576K
}

